
****** Vivado v2019.1 (64-bit)
  **** SW Build 2552052 on Fri May 24 14:47:09 MDT 2019
  **** IP Build 2548770 on Fri May 24 18:01:18 MDT 2019
    ** Copyright 1986-2019 Xilinx, Inc. All Rights Reserved.

source common/synthese.vivado.tcl
# set DEVICE         [lindex $argv 0]
# set TOP            [lindex $argv 1]
# set TOP_ENTITY     [lindex $argv 2]
# source common/read_prj.vivado.tcl
## proc read_prj {filename} {
## 	puts "Read $filename"
## 
## 	set fp [open $filename r]
## 	set file_data [read $fp]
## 	set lines [split $file_data "\n"]
## 
## 	foreach line $lines {
## 		if {[regexp {(\w+)\s+(\w+)\s+\"(.+)\"}  ${line}  matched  fmt lib src]} {
## 			puts "Read: $fmt $lib $src"
## 			if {$fmt=="vhdl"} {
## 				read_vhdl -library $lib $src
## 			}
## 		}
## 	}
## 
## 	close $fp
## }
# read_prj ${TOP}.prj
Read compteur4.prj
Read: vhdl work vhd/reg4b.vhd
Read: vhdl work vhd/compteur4.vhd
# if [file exists "${TOP}_${DEVICE}.xdc"] {
# 	read_xdc ${TOP}_${DEVICE}.xdc
# } else {
# # horloge clk à 125MHz
# 	read_xdc common/clock.xdc
# }
# auto_detect_xpm
# synth_design -top ${TOP_ENTITY} -part ${DEVICE}
Command: synth_design -top compteur4 -part xc7z010-clg400-1
Starting synth_design
Attempting to get a license for feature 'Synthesis' and/or device 'xc7z010'
INFO: [Common 17-349] Got license for feature 'Synthesis' and/or device 'xc7z010'
INFO: [Device 21-403] Loading part xc7z010clg400-1
INFO: Launching helper process for spawning children vivado processes
INFO: Helper process launched with PID 42004 
---------------------------------------------------------------------------------
Starting RTL Elaboration : Time (s): cpu = 00:00:02 ; elapsed = 00:00:03 . Memory (MB): peak = 1657.938 ; gain = 152.719 ; free physical = 8288 ; free virtual = 22203
---------------------------------------------------------------------------------
INFO: [Synth 8-638] synthesizing module 'compteur4' [/user/8/.base/mohameml/home/Desktop/Archi/TP2/src_etd/vhd/compteur4.vhd:17]
INFO: [Synth 8-3491] module 'reg4b' declared at '/user/8/.base/mohameml/home/Desktop/Archi/TP2/src_etd/vhd/reg4b.vhd:5' bound to instance 'Toto' of component 'reg4b' [/user/8/.base/mohameml/home/Desktop/Archi/TP2/src_etd/vhd/compteur4.vhd:37]
INFO: [Synth 8-638] synthesizing module 'reg4b' [/user/8/.base/mohameml/home/Desktop/Archi/TP2/src_etd/vhd/reg4b.vhd:12]
INFO: [Synth 8-256] done synthesizing module 'reg4b' (1#1) [/user/8/.base/mohameml/home/Desktop/Archi/TP2/src_etd/vhd/reg4b.vhd:12]
INFO: [Synth 8-256] done synthesizing module 'compteur4' (2#1) [/user/8/.base/mohameml/home/Desktop/Archi/TP2/src_etd/vhd/compteur4.vhd:17]
---------------------------------------------------------------------------------
Finished RTL Elaboration : Time (s): cpu = 00:00:03 ; elapsed = 00:00:05 . Memory (MB): peak = 1711.688 ; gain = 206.469 ; free physical = 8306 ; free virtual = 22215
---------------------------------------------------------------------------------

Report Check Netlist: 
+------+------------------+-------+---------+-------+------------------+
|      |Item              |Errors |Warnings |Status |Description       |
+------+------------------+-------+---------+-------+------------------+
|1     |multi_driven_nets |      0|        0|Passed |Multi driven nets |
+------+------------------+-------+---------+-------+------------------+
---------------------------------------------------------------------------------
Start Handling Custom Attributes
---------------------------------------------------------------------------------
---------------------------------------------------------------------------------
Finished Handling Custom Attributes : Time (s): cpu = 00:00:04 ; elapsed = 00:00:05 . Memory (MB): peak = 1717.625 ; gain = 212.406 ; free physical = 8301 ; free virtual = 22210
---------------------------------------------------------------------------------
---------------------------------------------------------------------------------
Finished RTL Optimization Phase 1 : Time (s): cpu = 00:00:04 ; elapsed = 00:00:05 . Memory (MB): peak = 1717.625 ; gain = 212.406 ; free physical = 8301 ; free virtual = 22210
---------------------------------------------------------------------------------
INFO: [Project 1-570] Preparing netlist for logic optimization

Processing XDC Constraints
Initializing timing engine
Parsing XDC File [/user/8/.base/mohameml/home/Desktop/Archi/TP2/src_etd/compteur4_xc7z010-clg400-1.xdc]
Finished Parsing XDC File [/user/8/.base/mohameml/home/Desktop/Archi/TP2/src_etd/compteur4_xc7z010-clg400-1.xdc]
Completed Processing XDC Constraints

Netlist sorting complete. Time (s): cpu = 00:00:00 ; elapsed = 00:00:00 . Memory (MB): peak = 1796.359 ; gain = 0.000 ; free physical = 8213 ; free virtual = 22139
INFO: [Project 1-111] Unisim Transformation Summary:
No Unisim elements were transformed.

Constraint Validation Runtime : Time (s): cpu = 00:00:00 ; elapsed = 00:00:00.01 . Memory (MB): peak = 1796.359 ; gain = 0.000 ; free physical = 8212 ; free virtual = 22138
---------------------------------------------------------------------------------
Finished Constraint Validation : Time (s): cpu = 00:00:07 ; elapsed = 00:00:10 . Memory (MB): peak = 1796.359 ; gain = 291.141 ; free physical = 8252 ; free virtual = 22180
---------------------------------------------------------------------------------
---------------------------------------------------------------------------------
Start Loading Part and Timing Information
---------------------------------------------------------------------------------
Loading part: xc7z010clg400-1
---------------------------------------------------------------------------------
Finished Loading Part and Timing Information : Time (s): cpu = 00:00:07 ; elapsed = 00:00:10 . Memory (MB): peak = 1796.359 ; gain = 291.141 ; free physical = 8252 ; free virtual = 22180
---------------------------------------------------------------------------------
---------------------------------------------------------------------------------
Start Applying 'set_property' XDC Constraints
---------------------------------------------------------------------------------
---------------------------------------------------------------------------------
Finished applying 'set_property' XDC Constraints : Time (s): cpu = 00:00:07 ; elapsed = 00:00:10 . Memory (MB): peak = 1796.359 ; gain = 291.141 ; free physical = 8252 ; free virtual = 22180
---------------------------------------------------------------------------------
---------------------------------------------------------------------------------
Finished RTL Optimization Phase 2 : Time (s): cpu = 00:00:08 ; elapsed = 00:00:10 . Memory (MB): peak = 1796.359 ; gain = 291.141 ; free physical = 8256 ; free virtual = 22185
---------------------------------------------------------------------------------

Report RTL Partitions: 
+-+--------------+------------+----------+
| |RTL Partition |Replication |Instances |
+-+--------------+------------+----------+
+-+--------------+------------+----------+
---------------------------------------------------------------------------------
Start RTL Component Statistics 
---------------------------------------------------------------------------------
Detailed RTL Component Info : 
+---Adders : 
	   2 Input      4 Bit       Adders := 1     
+---Registers : 
	                4 Bit    Registers := 1     
---------------------------------------------------------------------------------
Finished RTL Component Statistics 
---------------------------------------------------------------------------------
---------------------------------------------------------------------------------
Start RTL Hierarchical Component Statistics 
---------------------------------------------------------------------------------
Hierarchical RTL Component report 
Module compteur4 
Detailed RTL Component Info : 
+---Adders : 
	   2 Input      4 Bit       Adders := 1     
Module reg4b 
Detailed RTL Component Info : 
+---Registers : 
	                4 Bit    Registers := 1     
---------------------------------------------------------------------------------
Finished RTL Hierarchical Component Statistics
---------------------------------------------------------------------------------
---------------------------------------------------------------------------------
Start Part Resource Summary
---------------------------------------------------------------------------------
Part Resources:
DSPs: 80 (col length:40)
BRAMs: 120 (col length: RAMB18 40 RAMB36 20)
---------------------------------------------------------------------------------
Finished Part Resource Summary
---------------------------------------------------------------------------------
---------------------------------------------------------------------------------
Start Cross Boundary and Area Optimization
---------------------------------------------------------------------------------
Warning: Parallel synthesis criteria is not met 
---------------------------------------------------------------------------------
Finished Cross Boundary and Area Optimization : Time (s): cpu = 00:00:08 ; elapsed = 00:00:11 . Memory (MB): peak = 1796.359 ; gain = 291.141 ; free physical = 8250 ; free virtual = 22179
---------------------------------------------------------------------------------

Report RTL Partitions: 
+-+--------------+------------+----------+
| |RTL Partition |Replication |Instances |
+-+--------------+------------+----------+
+-+--------------+------------+----------+
---------------------------------------------------------------------------------
Start Applying XDC Timing Constraints
---------------------------------------------------------------------------------
---------------------------------------------------------------------------------
Finished Applying XDC Timing Constraints : Time (s): cpu = 00:00:13 ; elapsed = 00:00:16 . Memory (MB): peak = 1803.359 ; gain = 298.141 ; free physical = 8131 ; free virtual = 22061
---------------------------------------------------------------------------------
---------------------------------------------------------------------------------
Start Timing Optimization
---------------------------------------------------------------------------------
---------------------------------------------------------------------------------
Finished Timing Optimization : Time (s): cpu = 00:00:13 ; elapsed = 00:00:16 . Memory (MB): peak = 1803.359 ; gain = 298.141 ; free physical = 8131 ; free virtual = 22061
---------------------------------------------------------------------------------

Report RTL Partitions: 
+-+--------------+------------+----------+
| |RTL Partition |Replication |Instances |
+-+--------------+------------+----------+
+-+--------------+------------+----------+
---------------------------------------------------------------------------------
Start Technology Mapping
---------------------------------------------------------------------------------
---------------------------------------------------------------------------------
Finished Technology Mapping : Time (s): cpu = 00:00:13 ; elapsed = 00:00:16 . Memory (MB): peak = 1812.375 ; gain = 307.156 ; free physical = 8122 ; free virtual = 22052
---------------------------------------------------------------------------------

Report RTL Partitions: 
+-+--------------+------------+----------+
| |RTL Partition |Replication |Instances |
+-+--------------+------------+----------+
+-+--------------+------------+----------+
---------------------------------------------------------------------------------
Start IO Insertion
---------------------------------------------------------------------------------
---------------------------------------------------------------------------------
Start Flattening Before IO Insertion
---------------------------------------------------------------------------------
---------------------------------------------------------------------------------
Finished Flattening Before IO Insertion
---------------------------------------------------------------------------------
---------------------------------------------------------------------------------
Start Final Netlist Cleanup
---------------------------------------------------------------------------------
---------------------------------------------------------------------------------
Finished Final Netlist Cleanup
---------------------------------------------------------------------------------
---------------------------------------------------------------------------------
Finished IO Insertion : Time (s): cpu = 00:00:14 ; elapsed = 00:00:17 . Memory (MB): peak = 1827.250 ; gain = 322.031 ; free physical = 8120 ; free virtual = 22049
---------------------------------------------------------------------------------

Report Check Netlist: 
+------+------------------+-------+---------+-------+------------------+
|      |Item              |Errors |Warnings |Status |Description       |
+------+------------------+-------+---------+-------+------------------+
|1     |multi_driven_nets |      0|        0|Passed |Multi driven nets |
+------+------------------+-------+---------+-------+------------------+
---------------------------------------------------------------------------------
Start Renaming Generated Instances
---------------------------------------------------------------------------------
---------------------------------------------------------------------------------
Finished Renaming Generated Instances : Time (s): cpu = 00:00:14 ; elapsed = 00:00:17 . Memory (MB): peak = 1827.250 ; gain = 322.031 ; free physical = 8120 ; free virtual = 22049
---------------------------------------------------------------------------------

Report RTL Partitions: 
+-+--------------+------------+----------+
| |RTL Partition |Replication |Instances |
+-+--------------+------------+----------+
+-+--------------+------------+----------+
---------------------------------------------------------------------------------
Start Rebuilding User Hierarchy
---------------------------------------------------------------------------------
---------------------------------------------------------------------------------
Finished Rebuilding User Hierarchy : Time (s): cpu = 00:00:14 ; elapsed = 00:00:17 . Memory (MB): peak = 1827.250 ; gain = 322.031 ; free physical = 8120 ; free virtual = 22049
---------------------------------------------------------------------------------
---------------------------------------------------------------------------------
Start Renaming Generated Ports
---------------------------------------------------------------------------------
---------------------------------------------------------------------------------
Finished Renaming Generated Ports : Time (s): cpu = 00:00:14 ; elapsed = 00:00:17 . Memory (MB): peak = 1827.250 ; gain = 322.031 ; free physical = 8120 ; free virtual = 22049
---------------------------------------------------------------------------------
---------------------------------------------------------------------------------
Start Handling Custom Attributes
---------------------------------------------------------------------------------
---------------------------------------------------------------------------------
Finished Handling Custom Attributes : Time (s): cpu = 00:00:14 ; elapsed = 00:00:17 . Memory (MB): peak = 1827.250 ; gain = 322.031 ; free physical = 8120 ; free virtual = 22049
---------------------------------------------------------------------------------
---------------------------------------------------------------------------------
Start Renaming Generated Nets
---------------------------------------------------------------------------------
---------------------------------------------------------------------------------
Finished Renaming Generated Nets : Time (s): cpu = 00:00:14 ; elapsed = 00:00:17 . Memory (MB): peak = 1827.250 ; gain = 322.031 ; free physical = 8120 ; free virtual = 22049
---------------------------------------------------------------------------------
---------------------------------------------------------------------------------
Start Writing Synthesis Report
---------------------------------------------------------------------------------

Report BlackBoxes: 
+-+--------------+----------+
| |BlackBox name |Instances |
+-+--------------+----------+
+-+--------------+----------+

Report Cell Usage: 
+------+-----+------+
|      |Cell |Count |
+------+-----+------+
|1     |BUFG |     1|
|2     |LUT1 |     1|
|3     |LUT2 |     1|
|4     |LUT3 |     1|
|5     |LUT4 |     1|
|6     |FDRE |     4|
|7     |IBUF |     2|
|8     |OBUF |     4|
+------+-----+------+

Report Instance Areas: 
+------+---------+-------+------+
|      |Instance |Module |Cells |
+------+---------+-------+------+
|1     |top      |       |    15|
|2     |  Toto   |reg4b  |     8|
+------+---------+-------+------+
---------------------------------------------------------------------------------
Finished Writing Synthesis Report : Time (s): cpu = 00:00:14 ; elapsed = 00:00:17 . Memory (MB): peak = 1827.250 ; gain = 322.031 ; free physical = 8120 ; free virtual = 22049
---------------------------------------------------------------------------------
Synthesis finished with 0 errors, 0 critical warnings and 0 warnings.
Synthesis Optimization Runtime : Time (s): cpu = 00:00:13 ; elapsed = 00:00:15 . Memory (MB): peak = 1827.250 ; gain = 243.297 ; free physical = 8185 ; free virtual = 22114
Synthesis Optimization Complete : Time (s): cpu = 00:00:14 ; elapsed = 00:00:17 . Memory (MB): peak = 1827.258 ; gain = 322.031 ; free physical = 8199 ; free virtual = 22129
INFO: [Project 1-571] Translating synthesized netlist
INFO: [Project 1-570] Preparing netlist for logic optimization
Parsing XDC File [/user/8/.base/mohameml/home/Desktop/Archi/TP2/src_etd/compteur4_xc7z010-clg400-1.xdc]
Finished Parsing XDC File [/user/8/.base/mohameml/home/Desktop/Archi/TP2/src_etd/compteur4_xc7z010-clg400-1.xdc]
INFO: [Opt 31-138] Pushed 0 inverter(s) to 0 load pin(s).
Netlist sorting complete. Time (s): cpu = 00:00:00 ; elapsed = 00:00:00 . Memory (MB): peak = 1848.062 ; gain = 0.000 ; free physical = 8129 ; free virtual = 22059
INFO: [Project 1-111] Unisim Transformation Summary:
No Unisim elements were transformed.

INFO: [Common 17-83] Releasing license: Synthesis
14 Infos, 0 Warnings, 0 Critical Warnings and 0 Errors encountered.
synth_design completed successfully
synth_design: Time (s): cpu = 00:00:18 ; elapsed = 00:00:21 . Memory (MB): peak = 1848.062 ; gain = 474.180 ; free physical = 8205 ; free virtual = 22136
# report_utilization -file ${TOP}_utilization.rpt
# report_timing -file ${TOP}_timing.rpt
INFO: [Timing 38-91] UpdateTimingParams: Speed grade: -1, Delay Type: max.
INFO: [Timing 38-191] Multithreading enabled for timing update using a maximum of 4 CPUs
INFO: [Timing 38-35] Done setting XDC timing constraints.
INFO: [Timing 38-78] ReportTimingParams: -max_paths 1 -nworst 1 -delay_type max -sort_by slack.
# get_ports *
# set filename "${TOP}_summary.rpt"
# set fileId [open $filename "w"]
# if { [get_clocks] != "" } {
# 	puts -nonewline $fileId "Clock  | " 
# 	puts $fileId [get_property -min PERIOD [get_clocks]];
# }
# if { [get_timing_paths] != "" } {
# 	puts -nonewline $fileId "Slack  | "
# 	puts $fileId [get_property SLACK [get_timing_paths]];
# }
# close $fileId
# exit
INFO: [Common 17-206] Exiting Vivado at Fri Feb  3 15:31:28 2023...
