
****** Vivado v2019.1 (64-bit)
  **** SW Build 2552052 on Fri May 24 14:47:09 MDT 2019
  **** IP Build 2548770 on Fri May 24 18:01:18 MDT 2019
    ** Copyright 1986-2019 Xilinx, Inc. All Rights Reserved.

source common/synthese.vivado.tcl
# set DEVICE         [lindex $argv 0]
# set TOP            [lindex $argv 1]
# set TOP_ENTITY     [lindex $argv 2]
# source common/read_prj.vivado.tcl
## proc read_prj {filename} {
## 	puts "Read $filename"
## 
## 	set fp [open $filename r]
## 	set file_data [read $fp]
## 	set lines [split $file_data "\n"]
## 
## 	foreach line $lines {
## 		if {[regexp {(\w+)\s+(\w+)\s+\"(.+)\"}  ${line}  matched  fmt lib src]} {
## 			puts "Read: $fmt $lib $src"
## 			if {$fmt=="vhdl"} {
## 				read_vhdl -library $lib $src
## 			}
## 		}
## 	}
## 
## 	close $fp
## }
# read_prj ${TOP}.prj
Read AC.prj
Read: vhdl work vhd/AC.vhd
# if [file exists "${TOP}_${DEVICE}.xdc"] {
# 	read_xdc ${TOP}_${DEVICE}.xdc
# } else {
# # horloge clk à 125MHz
# 	read_xdc common/clock.xdc
# }
# auto_detect_xpm
# synth_design -top ${TOP_ENTITY} -part ${DEVICE}
Command: synth_design -top AC -part xc7z010-clg400-1
Starting synth_design
Attempting to get a license for feature 'Synthesis' and/or device 'xc7z010'
INFO: [Common 17-349] Got license for feature 'Synthesis' and/or device 'xc7z010'
INFO: [Device 21-403] Loading part xc7z010clg400-1
INFO: Launching helper process for spawning children vivado processes
INFO: Helper process launched with PID 20768 
---------------------------------------------------------------------------------
Starting RTL Elaboration : Time (s): cpu = 00:00:02 ; elapsed = 00:00:02 . Memory (MB): peak = 1658.316 ; gain = 154.719 ; free physical = 26828 ; free virtual = 39432
---------------------------------------------------------------------------------
INFO: [Synth 8-638] synthesizing module 'AC' [/user/8/.base/mohameml/home/Desktop/src_etd/vhd/AC.vhd:34]
INFO: [Synth 8-256] done synthesizing module 'AC' (1#1) [/user/8/.base/mohameml/home/Desktop/src_etd/vhd/AC.vhd:34]
---------------------------------------------------------------------------------
Finished RTL Elaboration : Time (s): cpu = 00:00:02 ; elapsed = 00:00:03 . Memory (MB): peak = 1712.066 ; gain = 208.469 ; free physical = 26851 ; free virtual = 39455
---------------------------------------------------------------------------------

Report Check Netlist: 
+------+------------------+-------+---------+-------+------------------+
|      |Item              |Errors |Warnings |Status |Description       |
+------+------------------+-------+---------+-------+------------------+
|1     |multi_driven_nets |      0|        0|Passed |Multi driven nets |
+------+------------------+-------+---------+-------+------------------+
---------------------------------------------------------------------------------
Start Handling Custom Attributes
---------------------------------------------------------------------------------
---------------------------------------------------------------------------------
Finished Handling Custom Attributes : Time (s): cpu = 00:00:03 ; elapsed = 00:00:03 . Memory (MB): peak = 1716.035 ; gain = 212.438 ; free physical = 26852 ; free virtual = 39457
---------------------------------------------------------------------------------
---------------------------------------------------------------------------------
Finished RTL Optimization Phase 1 : Time (s): cpu = 00:00:03 ; elapsed = 00:00:03 . Memory (MB): peak = 1716.035 ; gain = 212.438 ; free physical = 26852 ; free virtual = 39457
---------------------------------------------------------------------------------
INFO: [Project 1-570] Preparing netlist for logic optimization

Processing XDC Constraints
Initializing timing engine
Parsing XDC File [/user/8/.base/mohameml/home/Desktop/src_etd/AC_xc7z010-clg400-1.xdc]
WARNING: [Vivado 12-584] No ports matched 'clk'. [/user/8/.base/mohameml/home/Desktop/src_etd/AC_xc7z010-clg400-1.xdc:8]
CRITICAL WARNING: [Common 17-55] 'set_property' expects at least one object. [/user/8/.base/mohameml/home/Desktop/src_etd/AC_xc7z010-clg400-1.xdc:8]
Resolution: If [get_<value>] was used to populate the object, check to make sure this command returns at least one valid object.
WARNING: [Vivado 12-584] No ports matched 'clk'. [/user/8/.base/mohameml/home/Desktop/src_etd/AC_xc7z010-clg400-1.xdc:10]
CRITICAL WARNING: [Vivado 12-4739] create_clock:No valid object(s) found for '-objects [get_ports clk]'. [/user/8/.base/mohameml/home/Desktop/src_etd/AC_xc7z010-clg400-1.xdc:10]
Resolution: Check if the specified object(s) exists in the current design. If it does, ensure that the correct design hierarchy was specified for the object. If you are working with clocks, make sure create_clock was used to create the clock object before it is referenced.
Finished Parsing XDC File [/user/8/.base/mohameml/home/Desktop/src_etd/AC_xc7z010-clg400-1.xdc]
INFO: [Project 1-236] Implementation specific constraints were found while reading constraint file [/user/8/.base/mohameml/home/Desktop/src_etd/AC_xc7z010-clg400-1.xdc]. These constraints will be ignored for synthesis but will be used in implementation. Impacted constraints are listed in the file [.Xil/AC_propImpl.xdc].
Resolution: To avoid this warning, move constraints listed in [.Xil/AC_propImpl.xdc] to another XDC file and exclude this new file from synthesis with the used_in_synthesis property (File Properties dialog in GUI) and re-run elaboration/synthesis.
Completed Processing XDC Constraints

Netlist sorting complete. Time (s): cpu = 00:00:00 ; elapsed = 00:00:00 . Memory (MB): peak = 1827.785 ; gain = 0.000 ; free physical = 26769 ; free virtual = 39374
INFO: [Project 1-111] Unisim Transformation Summary:
No Unisim elements were transformed.

Constraint Validation Runtime : Time (s): cpu = 00:00:00 ; elapsed = 00:00:00.01 . Memory (MB): peak = 1827.785 ; gain = 0.000 ; free physical = 26768 ; free virtual = 39373
---------------------------------------------------------------------------------
Finished Constraint Validation : Time (s): cpu = 00:00:05 ; elapsed = 00:00:07 . Memory (MB): peak = 1827.785 ; gain = 324.188 ; free physical = 26829 ; free virtual = 39434
---------------------------------------------------------------------------------
---------------------------------------------------------------------------------
Start Loading Part and Timing Information
---------------------------------------------------------------------------------
Loading part: xc7z010clg400-1
---------------------------------------------------------------------------------
Finished Loading Part and Timing Information : Time (s): cpu = 00:00:05 ; elapsed = 00:00:07 . Memory (MB): peak = 1827.785 ; gain = 324.188 ; free physical = 26829 ; free virtual = 39434
---------------------------------------------------------------------------------
---------------------------------------------------------------------------------
Start Applying 'set_property' XDC Constraints
---------------------------------------------------------------------------------
---------------------------------------------------------------------------------
Finished applying 'set_property' XDC Constraints : Time (s): cpu = 00:00:05 ; elapsed = 00:00:07 . Memory (MB): peak = 1827.785 ; gain = 324.188 ; free physical = 26829 ; free virtual = 39434
---------------------------------------------------------------------------------
---------------------------------------------------------------------------------
Finished RTL Optimization Phase 2 : Time (s): cpu = 00:00:05 ; elapsed = 00:00:07 . Memory (MB): peak = 1827.785 ; gain = 324.188 ; free physical = 26829 ; free virtual = 39434
---------------------------------------------------------------------------------

Report RTL Partitions: 
+-+--------------+------------+----------+
| |RTL Partition |Replication |Instances |
+-+--------------+------------+----------+
+-+--------------+------------+----------+
---------------------------------------------------------------------------------
Start RTL Component Statistics 
---------------------------------------------------------------------------------
Detailed RTL Component Info : 
+---XORs : 
	   2 Input      1 Bit         XORs := 2     
---------------------------------------------------------------------------------
Finished RTL Component Statistics 
---------------------------------------------------------------------------------
---------------------------------------------------------------------------------
Start RTL Hierarchical Component Statistics 
---------------------------------------------------------------------------------
Hierarchical RTL Component report 
Module AC 
Detailed RTL Component Info : 
+---XORs : 
	   2 Input      1 Bit         XORs := 2     
---------------------------------------------------------------------------------
Finished RTL Hierarchical Component Statistics
---------------------------------------------------------------------------------
---------------------------------------------------------------------------------
Start Part Resource Summary
---------------------------------------------------------------------------------
Part Resources:
DSPs: 80 (col length:40)
BRAMs: 120 (col length: RAMB18 40 RAMB36 20)
---------------------------------------------------------------------------------
Finished Part Resource Summary
---------------------------------------------------------------------------------
---------------------------------------------------------------------------------
Start Cross Boundary and Area Optimization
---------------------------------------------------------------------------------
Warning: Parallel synthesis criteria is not met 
---------------------------------------------------------------------------------
Finished Cross Boundary and Area Optimization : Time (s): cpu = 00:00:06 ; elapsed = 00:00:07 . Memory (MB): peak = 1827.785 ; gain = 324.188 ; free physical = 26815 ; free virtual = 39422
---------------------------------------------------------------------------------

Report RTL Partitions: 
+-+--------------+------------+----------+
| |RTL Partition |Replication |Instances |
+-+--------------+------------+----------+
+-+--------------+------------+----------+
---------------------------------------------------------------------------------
Start Applying XDC Timing Constraints
---------------------------------------------------------------------------------
---------------------------------------------------------------------------------
Finished Applying XDC Timing Constraints : Time (s): cpu = 00:00:09 ; elapsed = 00:00:11 . Memory (MB): peak = 1827.785 ; gain = 324.188 ; free physical = 26696 ; free virtual = 39303
---------------------------------------------------------------------------------
---------------------------------------------------------------------------------
Start Timing Optimization
---------------------------------------------------------------------------------
---------------------------------------------------------------------------------
Finished Timing Optimization : Time (s): cpu = 00:00:09 ; elapsed = 00:00:11 . Memory (MB): peak = 1827.785 ; gain = 324.188 ; free physical = 26696 ; free virtual = 39303
---------------------------------------------------------------------------------

Report RTL Partitions: 
+-+--------------+------------+----------+
| |RTL Partition |Replication |Instances |
+-+--------------+------------+----------+
+-+--------------+------------+----------+
---------------------------------------------------------------------------------
Start Technology Mapping
---------------------------------------------------------------------------------
---------------------------------------------------------------------------------
Finished Technology Mapping : Time (s): cpu = 00:00:09 ; elapsed = 00:00:11 . Memory (MB): peak = 1827.785 ; gain = 324.188 ; free physical = 26689 ; free virtual = 39296
---------------------------------------------------------------------------------

Report RTL Partitions: 
+-+--------------+------------+----------+
| |RTL Partition |Replication |Instances |
+-+--------------+------------+----------+
+-+--------------+------------+----------+
---------------------------------------------------------------------------------
Start IO Insertion
---------------------------------------------------------------------------------
---------------------------------------------------------------------------------
Start Flattening Before IO Insertion
---------------------------------------------------------------------------------
---------------------------------------------------------------------------------
Finished Flattening Before IO Insertion
---------------------------------------------------------------------------------
---------------------------------------------------------------------------------
Start Final Netlist Cleanup
---------------------------------------------------------------------------------
---------------------------------------------------------------------------------
Finished Final Netlist Cleanup
---------------------------------------------------------------------------------
---------------------------------------------------------------------------------
Finished IO Insertion : Time (s): cpu = 00:00:10 ; elapsed = 00:00:12 . Memory (MB): peak = 1828.660 ; gain = 325.062 ; free physical = 26690 ; free virtual = 39298
---------------------------------------------------------------------------------

Report Check Netlist: 
+------+------------------+-------+---------+-------+------------------+
|      |Item              |Errors |Warnings |Status |Description       |
+------+------------------+-------+---------+-------+------------------+
|1     |multi_driven_nets |      0|        0|Passed |Multi driven nets |
+------+------------------+-------+---------+-------+------------------+
---------------------------------------------------------------------------------
Start Renaming Generated Instances
---------------------------------------------------------------------------------
---------------------------------------------------------------------------------
Finished Renaming Generated Instances : Time (s): cpu = 00:00:10 ; elapsed = 00:00:12 . Memory (MB): peak = 1828.660 ; gain = 325.062 ; free physical = 26690 ; free virtual = 39298
---------------------------------------------------------------------------------

Report RTL Partitions: 
+-+--------------+------------+----------+
| |RTL Partition |Replication |Instances |
+-+--------------+------------+----------+
+-+--------------+------------+----------+
---------------------------------------------------------------------------------
Start Rebuilding User Hierarchy
---------------------------------------------------------------------------------
---------------------------------------------------------------------------------
Finished Rebuilding User Hierarchy : Time (s): cpu = 00:00:10 ; elapsed = 00:00:12 . Memory (MB): peak = 1828.660 ; gain = 325.062 ; free physical = 26690 ; free virtual = 39298
---------------------------------------------------------------------------------
---------------------------------------------------------------------------------
Start Renaming Generated Ports
---------------------------------------------------------------------------------
---------------------------------------------------------------------------------
Finished Renaming Generated Ports : Time (s): cpu = 00:00:10 ; elapsed = 00:00:12 . Memory (MB): peak = 1828.660 ; gain = 325.062 ; free physical = 26690 ; free virtual = 39298
---------------------------------------------------------------------------------
---------------------------------------------------------------------------------
Start Handling Custom Attributes
---------------------------------------------------------------------------------
---------------------------------------------------------------------------------
Finished Handling Custom Attributes : Time (s): cpu = 00:00:10 ; elapsed = 00:00:12 . Memory (MB): peak = 1828.660 ; gain = 325.062 ; free physical = 26690 ; free virtual = 39298
---------------------------------------------------------------------------------
---------------------------------------------------------------------------------
Start Renaming Generated Nets
---------------------------------------------------------------------------------
---------------------------------------------------------------------------------
Finished Renaming Generated Nets : Time (s): cpu = 00:00:10 ; elapsed = 00:00:12 . Memory (MB): peak = 1828.660 ; gain = 325.062 ; free physical = 26690 ; free virtual = 39298
---------------------------------------------------------------------------------
---------------------------------------------------------------------------------
Start Writing Synthesis Report
---------------------------------------------------------------------------------

Report BlackBoxes: 
+-+--------------+----------+
| |BlackBox name |Instances |
+-+--------------+----------+
+-+--------------+----------+

Report Cell Usage: 
+------+-----+------+
|      |Cell |Count |
+------+-----+------+
|1     |LUT3 |     2|
|2     |IBUF |     3|
|3     |OBUF |     2|
+------+-----+------+

Report Instance Areas: 
+------+---------+-------+------+
|      |Instance |Module |Cells |
+------+---------+-------+------+
|1     |top      |       |     7|
+------+---------+-------+------+
---------------------------------------------------------------------------------
Finished Writing Synthesis Report : Time (s): cpu = 00:00:10 ; elapsed = 00:00:12 . Memory (MB): peak = 1828.660 ; gain = 325.062 ; free physical = 26690 ; free virtual = 39298
---------------------------------------------------------------------------------
Synthesis finished with 0 errors, 0 critical warnings and 0 warnings.
Synthesis Optimization Runtime : Time (s): cpu = 00:00:09 ; elapsed = 00:00:11 . Memory (MB): peak = 1828.660 ; gain = 213.312 ; free physical = 26749 ; free virtual = 39357
Synthesis Optimization Complete : Time (s): cpu = 00:00:10 ; elapsed = 00:00:12 . Memory (MB): peak = 1828.668 ; gain = 325.062 ; free physical = 26764 ; free virtual = 39371
INFO: [Project 1-571] Translating synthesized netlist
INFO: [Project 1-570] Preparing netlist for logic optimization
Parsing XDC File [/user/8/.base/mohameml/home/Desktop/src_etd/AC_xc7z010-clg400-1.xdc]
WARNING: [Vivado 12-584] No ports matched 'clk'. [/user/8/.base/mohameml/home/Desktop/src_etd/AC_xc7z010-clg400-1.xdc:8]
CRITICAL WARNING: [Common 17-55] 'set_property' expects at least one object. [/user/8/.base/mohameml/home/Desktop/src_etd/AC_xc7z010-clg400-1.xdc:8]
Resolution: If [get_<value>] was used to populate the object, check to make sure this command returns at least one valid object.
WARNING: [Vivado 12-584] No ports matched 'clk'. [/user/8/.base/mohameml/home/Desktop/src_etd/AC_xc7z010-clg400-1.xdc:10]
CRITICAL WARNING: [Vivado 12-4739] create_clock:No valid object(s) found for '-objects [get_ports clk]'. [/user/8/.base/mohameml/home/Desktop/src_etd/AC_xc7z010-clg400-1.xdc:10]
Resolution: Check if the specified object(s) exists in the current design. If it does, ensure that the correct design hierarchy was specified for the object. If you are working with clocks, make sure create_clock was used to create the clock object before it is referenced.
Finished Parsing XDC File [/user/8/.base/mohameml/home/Desktop/src_etd/AC_xc7z010-clg400-1.xdc]
INFO: [Opt 31-138] Pushed 0 inverter(s) to 0 load pin(s).
Netlist sorting complete. Time (s): cpu = 00:00:00 ; elapsed = 00:00:00 . Memory (MB): peak = 1871.582 ; gain = 0.000 ; free physical = 26705 ; free virtual = 39313
INFO: [Project 1-111] Unisim Transformation Summary:
No Unisim elements were transformed.

INFO: [Common 17-83] Releasing license: Synthesis
12 Infos, 4 Warnings, 4 Critical Warnings and 0 Errors encountered.
synth_design completed successfully
synth_design: Time (s): cpu = 00:00:13 ; elapsed = 00:00:15 . Memory (MB): peak = 1871.582 ; gain = 475.445 ; free physical = 26789 ; free virtual = 39396
# report_utilization -file ${TOP}_utilization.rpt
# report_timing -file ${TOP}_timing.rpt
INFO: [Timing 38-91] UpdateTimingParams: Speed grade: -1, Delay Type: max.
INFO: [Timing 38-191] Multithreading enabled for timing update using a maximum of 8 CPUs
INFO: [Timing 38-35] Done setting XDC timing constraints.
INFO: [Timing 38-78] ReportTimingParams: -max_paths 1 -nworst 1 -delay_type max -sort_by slack.
# get_ports *
# set filename "${TOP}_summary.rpt"
# set fileId [open $filename "w"]
# if { [get_clocks] != "" } {
# 	puts -nonewline $fileId "Clock  | " 
# 	puts $fileId [get_property -min PERIOD [get_clocks]];
# }
WARNING: [Vivado 12-627] No clocks matched '*'.
INFO: [Vivado 12-626] No clocks found. Please use 'create_clock' or 'create_generated_clock' command to create clocks.
# if { [get_timing_paths] != "" } {
# 	puts -nonewline $fileId "Slack  | "
# 	puts $fileId [get_property SLACK [get_timing_paths]];
# }
# close $fileId
# exit
INFO: [Common 17-206] Exiting Vivado at Fri Jan 20 15:50:24 2023...
