Copyright 1986-2019 Xilinx, Inc. All Rights Reserved.
------------------------------------------------------------------------------------
| Tool Version : Vivado v.2019.1 (lin64) Build 2552052 Fri May 24 14:47:09 MDT 2019
| Date         : Fri Jan 20 17:32:45 2023
| Host         : ensipc332 running 64-bit Ubuntu 22.04.1 LTS
| Command      : report_timing -file lfsr_timing.rpt
| Design       : lfsr
| Device       : 7z010-clg400
| Speed File   : -1  PRODUCTION 1.11 2014-09-11
------------------------------------------------------------------------------------

Timing Report

Slack (MET) :             6.617ns  (required time - arrival time)
  Source:                 FD1/val_reg/C
                            (rising edge-triggered cell FDCE clocked by sys_clk_pin  {rise@0.000ns fall@4.000ns period=8.000ns})
  Destination:            FD3/val_reg_inv/D
                            (rising edge-triggered cell FDPE clocked by sys_clk_pin  {rise@0.000ns fall@4.000ns period=8.000ns})
  Path Group:             sys_clk_pin
  Path Type:              Setup (Max at Slow Process Corner)
  Requirement:            8.000ns  (sys_clk_pin rise@8.000ns - sys_clk_pin rise@0.000ns)
  Data Path Delay:        1.232ns  (logic 0.751ns (60.958%)  route 0.481ns (39.042%))
  Logic Levels:           1  (LUT2=1)
  Clock Path Skew:        -0.145ns (DCD - SCD + CPR)
    Destination Clock Delay (DCD):    2.138ns = ( 10.138 - 8.000 ) 
    Source Clock Delay      (SCD):    2.467ns
    Clock Pessimism Removal (CPR):    0.184ns
  Clock Uncertainty:      0.035ns  ((TSJ^2 + TIJ^2)^1/2 + DJ) / 2 + PE
    Total System Jitter     (TSJ):    0.071ns
    Total Input Jitter      (TIJ):    0.000ns
    Discrete Jitter          (DJ):    0.000ns
    Phase Error              (PE):    0.000ns

    Location             Delay type                Incr(ns)  Path(ns)    Netlist Resource(s)
  -------------------------------------------------------------------    -------------------
                         (clock sys_clk_pin rise edge)
                                                      0.000     0.000 r  
                                                      0.000     0.000 r  clk (IN)
                         net (fo=0)                   0.000     0.000    clk
                         IBUF (Prop_ibuf_I_O)         0.982     0.982 r  clk_IBUF_inst/O
                         net (fo=1, unplaced)         0.800     1.782    clk_IBUF
                         BUFG (Prop_bufg_I_O)         0.101     1.883 r  clk_IBUF_BUFG_inst/O
                         net (fo=4, unplaced)         0.584     2.467    FD1/clk_IBUF_BUFG
                         FDCE                                         r  FD1/val_reg/C
  -------------------------------------------------------------------    -------------------
                         FDCE (Prop_fdce_C_Q)         0.456     2.923 r  FD1/val_reg/Q
                         net (fo=2, unplaced)         0.481     3.404    FD1/q
                         LUT2 (Prop_lut2_I0_O)        0.295     3.699 r  FD1/val_inv_i_1/O
                         net (fo=1, unplaced)         0.000     3.699    FD3/d
                         FDPE                                         r  FD3/val_reg_inv/D
  -------------------------------------------------------------------    -------------------

                         (clock sys_clk_pin rise edge)
                                                      8.000     8.000 r  
                                                      0.000     8.000 r  clk (IN)
                         net (fo=0)                   0.000     8.000    clk
                         IBUF (Prop_ibuf_I_O)         0.849     8.849 r  clk_IBUF_inst/O
                         net (fo=1, unplaced)         0.760     9.608    clk_IBUF
                         BUFG (Prop_bufg_I_O)         0.091     9.699 r  clk_IBUF_BUFG_inst/O
                         net (fo=4, unplaced)         0.439    10.138    FD3/clk_IBUF_BUFG
                         FDPE                                         r  FD3/val_reg_inv/C
                         clock pessimism              0.184    10.322    
                         clock uncertainty           -0.035    10.287    
                         FDPE (Setup_fdpe_C_D)        0.029    10.316    FD3/val_reg_inv
  -------------------------------------------------------------------
                         required time                         10.316    
                         arrival time                          -3.699    
  -------------------------------------------------------------------
                         slack                                  6.617    




