
****** Vivado v2019.1 (64-bit)
  **** SW Build 2552052 on Fri May 24 14:47:09 MDT 2019
  **** IP Build 2548770 on Fri May 24 18:01:18 MDT 2019
    ** Copyright 1986-2019 Xilinx, Inc. All Rights Reserved.

source common/synthese.vivado.tcl
# set DEVICE         [lindex $argv 0]
# set TOP            [lindex $argv 1]
# set TOP_ENTITY     [lindex $argv 2]
# source common/read_prj.vivado.tcl
## proc read_prj {filename} {
## 	puts "Read $filename"
## 
## 	set fp [open $filename r]
## 	set file_data [read $fp]
## 	set lines [split $file_data "\n"]
## 
## 	foreach line $lines {
## 		if {[regexp {(\w+)\s+(\w+)\s+\"(.+)\"}  ${line}  matched  fmt lib src]} {
## 			puts "Read: $fmt $lib $src"
## 			if {$fmt=="vhdl"} {
## 				read_vhdl -library $lib $src
## 			}
## 		}
## 	}
## 
## 	close $fp
## }
# read_prj ${TOP}.prj
Read lfsr.prj
Read: vhdl work vhd/lfsr.vhd
Read: vhdl work vhd/basc_d.vhd
# if [file exists "${TOP}_${DEVICE}.xdc"] {
# 	read_xdc ${TOP}_${DEVICE}.xdc
# } else {
# # horloge clk à 125MHz
# 	read_xdc common/clock.xdc
# }
# auto_detect_xpm
# synth_design -top ${TOP_ENTITY} -part ${DEVICE}
Command: synth_design -top lfsr -part xc7z010-clg400-1
Starting synth_design
Attempting to get a license for feature 'Synthesis' and/or device 'xc7z010'
INFO: [Common 17-349] Got license for feature 'Synthesis' and/or device 'xc7z010'
INFO: [Device 21-403] Loading part xc7z010clg400-1
INFO: Launching helper process for spawning children vivado processes
INFO: Helper process launched with PID 74760 
---------------------------------------------------------------------------------
Starting RTL Elaboration : Time (s): cpu = 00:00:02 ; elapsed = 00:00:02 . Memory (MB): peak = 1658.285 ; gain = 153.719 ; free physical = 22842 ; free virtual = 36852
---------------------------------------------------------------------------------
INFO: [Synth 8-638] synthesizing module 'lfsr' [/user/8/.base/mohameml/home/Desktop/src_etd/vhd/lfsr.vhd:14]
INFO: [Synth 8-3491] module 'basc_D' declared at '/user/8/.base/mohameml/home/Desktop/src_etd/vhd/basc_d.vhd:4' bound to instance 'FD0' of component 'basc_D' [/user/8/.base/mohameml/home/Desktop/src_etd/vhd/lfsr.vhd:29]
INFO: [Synth 8-638] synthesizing module 'basc_D' [/user/8/.base/mohameml/home/Desktop/src_etd/vhd/basc_d.vhd:12]
INFO: [Synth 8-256] done synthesizing module 'basc_D' (1#1) [/user/8/.base/mohameml/home/Desktop/src_etd/vhd/basc_d.vhd:12]
INFO: [Synth 8-3491] module 'basc_D' declared at '/user/8/.base/mohameml/home/Desktop/src_etd/vhd/basc_d.vhd:4' bound to instance 'FD1' of component 'basc_D' [/user/8/.base/mohameml/home/Desktop/src_etd/vhd/lfsr.vhd:36]
INFO: [Synth 8-3491] module 'basc_D' declared at '/user/8/.base/mohameml/home/Desktop/src_etd/vhd/basc_d.vhd:4' bound to instance 'FD2' of component 'basc_D' [/user/8/.base/mohameml/home/Desktop/src_etd/vhd/lfsr.vhd:43]
INFO: [Synth 8-3491] module 'basc_D' declared at '/user/8/.base/mohameml/home/Desktop/src_etd/vhd/basc_d.vhd:4' bound to instance 'FD3' of component 'basc_D' [/user/8/.base/mohameml/home/Desktop/src_etd/vhd/lfsr.vhd:50]
INFO: [Synth 8-256] done synthesizing module 'lfsr' (2#1) [/user/8/.base/mohameml/home/Desktop/src_etd/vhd/lfsr.vhd:14]
---------------------------------------------------------------------------------
Finished RTL Elaboration : Time (s): cpu = 00:00:02 ; elapsed = 00:00:03 . Memory (MB): peak = 1712.035 ; gain = 207.469 ; free physical = 22864 ; free virtual = 36874
---------------------------------------------------------------------------------

Report Check Netlist: 
+------+------------------+-------+---------+-------+------------------+
|      |Item              |Errors |Warnings |Status |Description       |
+------+------------------+-------+---------+-------+------------------+
|1     |multi_driven_nets |      0|        0|Passed |Multi driven nets |
+------+------------------+-------+---------+-------+------------------+
---------------------------------------------------------------------------------
Start Handling Custom Attributes
---------------------------------------------------------------------------------
---------------------------------------------------------------------------------
Finished Handling Custom Attributes : Time (s): cpu = 00:00:03 ; elapsed = 00:00:03 . Memory (MB): peak = 1715.004 ; gain = 210.438 ; free physical = 22848 ; free virtual = 36858
---------------------------------------------------------------------------------
---------------------------------------------------------------------------------
Finished RTL Optimization Phase 1 : Time (s): cpu = 00:00:03 ; elapsed = 00:00:03 . Memory (MB): peak = 1715.004 ; gain = 210.438 ; free physical = 22848 ; free virtual = 36858
---------------------------------------------------------------------------------
INFO: [Project 1-570] Preparing netlist for logic optimization

Processing XDC Constraints
Initializing timing engine
Parsing XDC File [/user/8/.base/mohameml/home/Desktop/src_etd/common/clock.xdc]
Finished Parsing XDC File [/user/8/.base/mohameml/home/Desktop/src_etd/common/clock.xdc]
Completed Processing XDC Constraints

Netlist sorting complete. Time (s): cpu = 00:00:00 ; elapsed = 00:00:00 . Memory (MB): peak = 1825.723 ; gain = 0.000 ; free physical = 22767 ; free virtual = 36778
INFO: [Project 1-111] Unisim Transformation Summary:
No Unisim elements were transformed.

Constraint Validation Runtime : Time (s): cpu = 00:00:00 ; elapsed = 00:00:00 . Memory (MB): peak = 1825.723 ; gain = 0.000 ; free physical = 22766 ; free virtual = 36777
---------------------------------------------------------------------------------
Finished Constraint Validation : Time (s): cpu = 00:00:05 ; elapsed = 00:00:07 . Memory (MB): peak = 1825.723 ; gain = 321.156 ; free physical = 22839 ; free virtual = 36849
---------------------------------------------------------------------------------
---------------------------------------------------------------------------------
Start Loading Part and Timing Information
---------------------------------------------------------------------------------
Loading part: xc7z010clg400-1
---------------------------------------------------------------------------------
Finished Loading Part and Timing Information : Time (s): cpu = 00:00:05 ; elapsed = 00:00:07 . Memory (MB): peak = 1825.723 ; gain = 321.156 ; free physical = 22839 ; free virtual = 36849
---------------------------------------------------------------------------------
---------------------------------------------------------------------------------
Start Applying 'set_property' XDC Constraints
---------------------------------------------------------------------------------
---------------------------------------------------------------------------------
Finished applying 'set_property' XDC Constraints : Time (s): cpu = 00:00:05 ; elapsed = 00:00:07 . Memory (MB): peak = 1825.723 ; gain = 321.156 ; free physical = 22839 ; free virtual = 36849
---------------------------------------------------------------------------------
---------------------------------------------------------------------------------
Finished RTL Optimization Phase 2 : Time (s): cpu = 00:00:06 ; elapsed = 00:00:07 . Memory (MB): peak = 1825.723 ; gain = 321.156 ; free physical = 22840 ; free virtual = 36851
---------------------------------------------------------------------------------

Report RTL Partitions: 
+-+--------------+------------+----------+
| |RTL Partition |Replication |Instances |
+-+--------------+------------+----------+
+-+--------------+------------+----------+
---------------------------------------------------------------------------------
Start RTL Component Statistics 
---------------------------------------------------------------------------------
Detailed RTL Component Info : 
+---XORs : 
	   2 Input      1 Bit         XORs := 1     
+---Registers : 
	                1 Bit    Registers := 4     
---------------------------------------------------------------------------------
Finished RTL Component Statistics 
---------------------------------------------------------------------------------
---------------------------------------------------------------------------------
Start RTL Hierarchical Component Statistics 
---------------------------------------------------------------------------------
Hierarchical RTL Component report 
Module lfsr 
Detailed RTL Component Info : 
+---XORs : 
	   2 Input      1 Bit         XORs := 1     
Module basc_D 
Detailed RTL Component Info : 
+---Registers : 
	                1 Bit    Registers := 1     
---------------------------------------------------------------------------------
Finished RTL Hierarchical Component Statistics
---------------------------------------------------------------------------------
---------------------------------------------------------------------------------
Start Part Resource Summary
---------------------------------------------------------------------------------
Part Resources:
DSPs: 80 (col length:40)
BRAMs: 120 (col length: RAMB18 40 RAMB36 20)
---------------------------------------------------------------------------------
Finished Part Resource Summary
---------------------------------------------------------------------------------
---------------------------------------------------------------------------------
Start Cross Boundary and Area Optimization
---------------------------------------------------------------------------------
Warning: Parallel synthesis criteria is not met 
---------------------------------------------------------------------------------
Finished Cross Boundary and Area Optimization : Time (s): cpu = 00:00:06 ; elapsed = 00:00:07 . Memory (MB): peak = 1825.723 ; gain = 321.156 ; free physical = 22828 ; free virtual = 36841
---------------------------------------------------------------------------------

Report RTL Partitions: 
+-+--------------+------------+----------+
| |RTL Partition |Replication |Instances |
+-+--------------+------------+----------+
+-+--------------+------------+----------+
---------------------------------------------------------------------------------
Start Applying XDC Timing Constraints
---------------------------------------------------------------------------------
---------------------------------------------------------------------------------
Finished Applying XDC Timing Constraints : Time (s): cpu = 00:00:09 ; elapsed = 00:00:11 . Memory (MB): peak = 1825.723 ; gain = 321.156 ; free physical = 22712 ; free virtual = 36725
---------------------------------------------------------------------------------
---------------------------------------------------------------------------------
Start Timing Optimization
---------------------------------------------------------------------------------
---------------------------------------------------------------------------------
Finished Timing Optimization : Time (s): cpu = 00:00:09 ; elapsed = 00:00:11 . Memory (MB): peak = 1825.723 ; gain = 321.156 ; free physical = 22712 ; free virtual = 36725
---------------------------------------------------------------------------------

Report RTL Partitions: 
+-+--------------+------------+----------+
| |RTL Partition |Replication |Instances |
+-+--------------+------------+----------+
+-+--------------+------------+----------+
---------------------------------------------------------------------------------
Start Technology Mapping
---------------------------------------------------------------------------------
---------------------------------------------------------------------------------
Finished Technology Mapping : Time (s): cpu = 00:00:09 ; elapsed = 00:00:11 . Memory (MB): peak = 1825.723 ; gain = 321.156 ; free physical = 22708 ; free virtual = 36721
---------------------------------------------------------------------------------

Report RTL Partitions: 
+-+--------------+------------+----------+
| |RTL Partition |Replication |Instances |
+-+--------------+------------+----------+
+-+--------------+------------+----------+
---------------------------------------------------------------------------------
Start IO Insertion
---------------------------------------------------------------------------------
---------------------------------------------------------------------------------
Start Flattening Before IO Insertion
---------------------------------------------------------------------------------
---------------------------------------------------------------------------------
Finished Flattening Before IO Insertion
---------------------------------------------------------------------------------
---------------------------------------------------------------------------------
Start Final Netlist Cleanup
---------------------------------------------------------------------------------
INFO: [Synth 8-5365] Flop FD3/val_reg is being inverted and renamed to FD3/val_reg_inv.
---------------------------------------------------------------------------------
Finished Final Netlist Cleanup
---------------------------------------------------------------------------------
---------------------------------------------------------------------------------
Finished IO Insertion : Time (s): cpu = 00:00:10 ; elapsed = 00:00:12 . Memory (MB): peak = 1826.598 ; gain = 322.031 ; free physical = 22709 ; free virtual = 36722
---------------------------------------------------------------------------------

Report Check Netlist: 
+------+------------------+-------+---------+-------+------------------+
|      |Item              |Errors |Warnings |Status |Description       |
+------+------------------+-------+---------+-------+------------------+
|1     |multi_driven_nets |      0|        0|Passed |Multi driven nets |
+------+------------------+-------+---------+-------+------------------+
---------------------------------------------------------------------------------
Start Renaming Generated Instances
---------------------------------------------------------------------------------
---------------------------------------------------------------------------------
Finished Renaming Generated Instances : Time (s): cpu = 00:00:10 ; elapsed = 00:00:12 . Memory (MB): peak = 1826.598 ; gain = 322.031 ; free physical = 22709 ; free virtual = 36722
---------------------------------------------------------------------------------

Report RTL Partitions: 
+-+--------------+------------+----------+
| |RTL Partition |Replication |Instances |
+-+--------------+------------+----------+
+-+--------------+------------+----------+
---------------------------------------------------------------------------------
Start Rebuilding User Hierarchy
---------------------------------------------------------------------------------
---------------------------------------------------------------------------------
Finished Rebuilding User Hierarchy : Time (s): cpu = 00:00:10 ; elapsed = 00:00:12 . Memory (MB): peak = 1826.598 ; gain = 322.031 ; free physical = 22709 ; free virtual = 36722
---------------------------------------------------------------------------------
---------------------------------------------------------------------------------
Start Renaming Generated Ports
---------------------------------------------------------------------------------
---------------------------------------------------------------------------------
Finished Renaming Generated Ports : Time (s): cpu = 00:00:10 ; elapsed = 00:00:12 . Memory (MB): peak = 1826.598 ; gain = 322.031 ; free physical = 22709 ; free virtual = 36722
---------------------------------------------------------------------------------
---------------------------------------------------------------------------------
Start Handling Custom Attributes
---------------------------------------------------------------------------------
---------------------------------------------------------------------------------
Finished Handling Custom Attributes : Time (s): cpu = 00:00:10 ; elapsed = 00:00:12 . Memory (MB): peak = 1826.598 ; gain = 322.031 ; free physical = 22709 ; free virtual = 36722
---------------------------------------------------------------------------------
---------------------------------------------------------------------------------
Start Renaming Generated Nets
---------------------------------------------------------------------------------
---------------------------------------------------------------------------------
Finished Renaming Generated Nets : Time (s): cpu = 00:00:10 ; elapsed = 00:00:12 . Memory (MB): peak = 1826.598 ; gain = 322.031 ; free physical = 22709 ; free virtual = 36722
---------------------------------------------------------------------------------
---------------------------------------------------------------------------------
Start Writing Synthesis Report
---------------------------------------------------------------------------------

Report BlackBoxes: 
+-+--------------+----------+
| |BlackBox name |Instances |
+-+--------------+----------+
+-+--------------+----------+

Report Cell Usage: 
+------+-----+------+
|      |Cell |Count |
+------+-----+------+
|1     |BUFG |     1|
|2     |LUT2 |     1|
|3     |FDCE |     3|
|4     |FDPE |     1|
|5     |IBUF |     2|
|6     |OBUF |     1|
+------+-----+------+

Report Instance Areas: 
+------+---------+---------+------+
|      |Instance |Module   |Cells |
+------+---------+---------+------+
|1     |top      |         |     9|
|2     |  FD0    |basc_D   |     1|
|3     |  FD1    |basc_D_0 |     2|
|4     |  FD2    |basc_D_1 |     1|
|5     |  FD3    |basc_D_2 |     1|
+------+---------+---------+------+
---------------------------------------------------------------------------------
Finished Writing Synthesis Report : Time (s): cpu = 00:00:10 ; elapsed = 00:00:12 . Memory (MB): peak = 1826.598 ; gain = 322.031 ; free physical = 22709 ; free virtual = 36722
---------------------------------------------------------------------------------
Synthesis finished with 0 errors, 0 critical warnings and 0 warnings.
Synthesis Optimization Runtime : Time (s): cpu = 00:00:09 ; elapsed = 00:00:11 . Memory (MB): peak = 1826.598 ; gain = 211.312 ; free physical = 22766 ; free virtual = 36779
Synthesis Optimization Complete : Time (s): cpu = 00:00:10 ; elapsed = 00:00:12 . Memory (MB): peak = 1826.605 ; gain = 322.031 ; free physical = 22782 ; free virtual = 36795
INFO: [Project 1-571] Translating synthesized netlist
INFO: [Project 1-570] Preparing netlist for logic optimization
Parsing XDC File [/user/8/.base/mohameml/home/Desktop/src_etd/common/clock.xdc]
Finished Parsing XDC File [/user/8/.base/mohameml/home/Desktop/src_etd/common/clock.xdc]
INFO: [Opt 31-138] Pushed 0 inverter(s) to 0 load pin(s).
Netlist sorting complete. Time (s): cpu = 00:00:00 ; elapsed = 00:00:00 . Memory (MB): peak = 1848.410 ; gain = 0.000 ; free physical = 22711 ; free virtual = 36724
INFO: [Project 1-111] Unisim Transformation Summary:
No Unisim elements were transformed.

INFO: [Common 17-83] Releasing license: Synthesis
18 Infos, 0 Warnings, 0 Critical Warnings and 0 Errors encountered.
synth_design completed successfully
synth_design: Time (s): cpu = 00:00:13 ; elapsed = 00:00:15 . Memory (MB): peak = 1848.410 ; gain = 452.273 ; free physical = 22795 ; free virtual = 36808
# report_utilization -file ${TOP}_utilization.rpt
# report_timing -file ${TOP}_timing.rpt
INFO: [Timing 38-91] UpdateTimingParams: Speed grade: -1, Delay Type: max.
INFO: [Timing 38-191] Multithreading enabled for timing update using a maximum of 8 CPUs
INFO: [Timing 38-35] Done setting XDC timing constraints.
INFO: [Timing 38-78] ReportTimingParams: -max_paths 1 -nworst 1 -delay_type max -sort_by slack.
# get_ports *
# set filename "${TOP}_summary.rpt"
# set fileId [open $filename "w"]
# if { [get_clocks] != "" } {
# 	puts -nonewline $fileId "Clock  | " 
# 	puts $fileId [get_property -min PERIOD [get_clocks]];
# }
# if { [get_timing_paths] != "" } {
# 	puts -nonewline $fileId "Slack  | "
# 	puts $fileId [get_property SLACK [get_timing_paths]];
# }
# close $fileId
# exit
INFO: [Common 17-206] Exiting Vivado at Fri Jan 20 17:32:45 2023...
