
****** updatemem v2019.1 (64-bit)
  **** SW Build 2552052 on Fri May 24 14:47:09 MDT 2019
  **** IP Build 2548770 on Fri May 24 18:01:18 MDT 2019
    ** Copyright 1986-2019 Xilinx, Inc. All Rights Reserved.

source /bigsoft/Xilinx/Vivado/2019.1/scripts/updatemem/main.tcl -notrace
Command: update_mem -meminfo system.mmi -data boot_defaut.mem -proc i_periph/iRAM/XPM_RAM/xpm_memory_base_inst -bit golden.bit -out download.bit -force -debug

Dump the BRAM Initialization Strings. 
  ^^^ Bitlane with BRAM Location: RAMB36_X2Y6
  INIT_00:0000000000000000000000000000000000000000000000000000000000000000
  INIT_01:0000000000000000000000000000000000000000000000000000000000000000
  INIT_02:0000000000000000000000000000000000000000000000000000000000000000
  INIT_03:0000000000000000000000000000000000000000000000000000000000000000
  INIT_04:0000000000000000000000000000000000000000000000000000000000000000
  INIT_05:0000000000000000000000000000000000000000000000000000000000000000
  INIT_06:0000000000000000000000000000000000000000000000000000000000000000
  INIT_07:0000000000000000000000000000000000000000000000000000000000000000
  INIT_08:0000000000000000000000000000000000000000000000000000000000000000
  INIT_09:0000000000000000000000000000000000000000000000000000000000000000
  INIT_0A:0000000000000000000000000000000000000000000000000000000000000000
  INIT_0B:0000000000000000000000000000000000000000000000000000000000000000
  INIT_0C:0000000000000000000000000000000000000000000000000000000000000000
  INIT_0D:0000000000000000000000000000000000000000000000000000000000000000
  INIT_0E:0000000000000000000000000000000000000000000000000000000000000000
  INIT_0F:0000000000000000000000000000000000000000000000000000000000000000
  INIT_10:0000000000000000000000000000000000000000000000000000000000000000
  INIT_11:0000000000000000000000000000000000000000000000000000000000000000
  INIT_12:0000000000000000000000000000000000000000000000000000000000000000
  INIT_13:0000000000000000000000000000000000000000000000000000000000000000
  INIT_14:0000000000000000000000000000000000000000000000000000000000000000
  INIT_15:0000000000000000000000000000000000000000000000000000000000000000
  INIT_16:0000000000000000000000000000000000000000000000000000000000000000
  INIT_17:0000000000000000000000000000000000000000000000000000000000000000
  INIT_18:0000000000000000000000000000000000000000000000000000000000000000
  INIT_19:0000000000000000000000000000000000000000000000000000000000000000
  INIT_1A:0000000000000000000000000000000000000000000000000000000000000000
  INIT_1B:0000000000000000000000000000000000000000000000000000000000000000
  INIT_1C:0000000000000000000000000000000000000000000000000000000000000000
  INIT_1D:0000000000000000000000000000000000000000000000000000000000000000
  INIT_1E:0000000000000000000000000000000000000000000000000000000000000000
  INIT_1F:0000000000000000000000000000000000000000000000000000000000000000
  INIT_20:0000000000000000000000000000000000000000000000000000000000000000
  INIT_21:0000000000000000000000000000000000000000000000000000000000000000
  INIT_22:0000000000000000000000000000000000000000000000000000000000000000
  INIT_23:0000000000000000000000000000000000000000000000000000000000000000
  INIT_24:0000000000000000000000000000000000000000000000000000000000000000
  INIT_25:0000000000000000000000000000000000000000000000000000000000000000
  INIT_26:0000000000000000000000000000000000000000000000000000000000000000
  INIT_27:0000000000000000000000000000000000000000000000000000000000000000
  INIT_28:0000000000000000000000000000000000000000000000000000000000000000
  INIT_29:0000000000000000000000000000000000000000000000000000000000000000
  INIT_2A:0000000000000000000000000000000000000000000000000000000000000000
  INIT_2B:0000000000000000000000000000000000000000000000000000000000000000
  INIT_2C:0000000000000000000000000000000000000000000000000000000000000000
  INIT_2D:0000000000000000000000000000000000000000000000000000000000000000
  INIT_2E:0000000000000000000000000000000000000000000000000000000000000000
  INIT_2F:0000000000000000000000000000000000000000000000000000000000000000
  INIT_30:0000000000000000000000000000000000000000000000000000000000000000
  INIT_31:0000000000000000000000000000000000000000000000000000000000000000
  INIT_32:0000000000000000000000000000000000000000000000000000000000000000
  INIT_33:0000000000000000000000000000000000000000000000000000000000000000
  INIT_34:0000000000000000000000000000000000000000000000000000000000000000
  INIT_35:0000000000000000000000000000000000000000000000000000000000000000
  INIT_36:0000000000000000000000000000000000000000000000000000000000000000
  INIT_37:0000000000000000000000000000000000000000000000000000000000000000
  INIT_38:0000000000000000000000000000000000000000000000000000000000000000
  INIT_39:0000000000000000000000000000000000000000000000000000000000000000
  INIT_3A:0000000000000000000000000000000000000000000000000000000000000000
  INIT_3B:0000000000000000000000000000000000000000000000000000000000000000
  INIT_3C:0000000000000000000000000000000000000000000000000000000000000000
  INIT_3D:0000000000000000000000000000000000000000000000000000000000000000
  INIT_3E:0000000000000000000000000000000000000000000000000000000000000000
  INIT_3F:0000000000000000000000000000000000000000000000000000000000000000
  INIT_40:0000000000000000000000000000000000000000000404102E404E05000013A0
  INIT_41:0000000000000000000000000000000000000000000000000000000000000000
  INIT_42:0000000000000000000000000000000000000000000000000000000000000000
  INIT_43:0000000000000000000000000000000000000000000000000000000000000000
  INIT_44:0000000000000000000000000000000000000000000000000000000000000000
  INIT_45:0000000000000000000000000000000000000000000000000000000000000000
  INIT_46:0000000000000000000000000000000000000000000000000000000000000000
  INIT_47:0000000000000000000000000000000000000000000000000000000000000000
  INIT_48:0000000000000000000000000000000000000000000000000000000000000000
  INIT_49:0000000000000000000000000000000000000000000000000000000000000000
  INIT_4A:0000000000000000000000000000000000000000000000000000000000000000
  INIT_4B:0000000000000000000000000000000000000000000000000000000000000000
  INIT_4C:0000000000000000000000000000000000000000000000000000000000000000
  INIT_4D:0000000000000000000000000000000000000000000000000000000000000000
  INIT_4E:0000000000000000000000000000000000000000000000000000000000000000
  INIT_4F:0000000000000000000000000000000000000000000000000000000000000000
  INIT_50:0000000000000000000000000000000000000000000000000000000000000000
  INIT_51:0000000000000000000000000000000000000000000000000000000000000000
  INIT_52:0000000000000000000000000000000000000000000000000000000000000000
  INIT_53:0000000000000000000000000000000000000000000000000000000000000000
  INIT_54:0000000000000000000000000000000000000000000000000000000000000000
  INIT_55:0000000000000000000000000000000000000000000000000000000000000000
  INIT_56:0000000000000000000000000000000000000000000000000000000000000000
  INIT_57:0000000000000000000000000000000000000000000000000000000000000000
  INIT_58:0000000000000000000000000000000000000000000000000000000000000000
  INIT_59:0000000000000000000000000000000000000000000000000000000000000000
  INIT_5A:0000000000000000000000000000000000000000000000000000000000000000
  INIT_5B:0000000000000000000000000000000000000000000000000000000000000000
  INIT_5C:0000000000000000000000000000000000000000000000000000000000000000
  INIT_5D:0000000000000000000000000000000000000000000000000000000000000000
  INIT_5E:0000000000000000000000000000000000000000000000000000000000000000
  INIT_5F:0000000000000000000000000000000000000000000000000000000000000000
  INIT_60:0000000000000000000000000000000000000000000000000000000000000000
  INIT_61:0000000000000000000000000000000000000000000000000000000000000000
  INIT_62:0000000000000000000000000000000000000000000000000000000000000000
  INIT_63:0000000000000000000000000000000000000000000000000000000000000000
  INIT_64:0000000000000000000000000000000000000000000000000000000000000000
  INIT_65:0000000000000000000000000000000000000000000000000000000000000000
  INIT_66:0000000000000000000000000000000000000000000000000000000000000000
  INIT_67:0000000000000000000000000000000000000000000000000000000000000000
  INIT_68:0000000000000000000000000000000000000000000000000000000000000000
  INIT_69:0000000000000000000000000000000000000000000000000000000000000000
  INIT_6A:0000000000000000000000000000000000000000000000000000000000000000
  INIT_6B:0000000000000000000000000000000000000000000000000000000000000000
  INIT_6C:0000000000000000000000000000000000000000000000000000000000000000
  INIT_6D:0000000000000000000000000000000000000000000000000000000000000000
  INIT_6E:0000000000000000000000000000000000000000000000000000000000000000
  INIT_6F:0000000000000000000000000000000000000000000000000000000000000000
  INIT_70:0000000000000000000000000000000000000000000000000000000000000000
  INIT_71:0000000000000000000000000000000000000000000000000000000000000000
  INIT_72:0000000000000000000000000000000000000000000000000000000000000000
  INIT_73:0000000000000000000000000000000000000000000000000000000000000000
  INIT_74:0000000000000000000000000000000000000000000000000000000000000000
  INIT_75:0000000000000000000000000000000000000000000000000000000000000000
  INIT_76:0000000000000000000000000000000000000000000000000000000000000000
  INIT_77:0000000000000000000000000000000000000000000000000000000000000000
  INIT_78:0000000000000000000000000000000000000000000000000000000000000000
  INIT_79:0000000000000000000000000000000000000000000000000000000000000000
  INIT_7A:0000000000000000000000000000000000000000000000000000000000000000
  INIT_7B:0000000000000000000000000000000000000000000000000000000000000000
  INIT_7C:0000000000000000000000000000000000000000000000000000000000000000
  INIT_7D:0000000000000000000000000000000000000000000000000000000000000000
  INIT_7E:0000000000000000000000000000000000000000000000000000000000000000
  INIT_7F:0000000000000000000000000000000000000000000000000000000000000000
  INITP_00:0000000000000000000000000000000000000000000000000000000000000000
  INITP_01:0000000000000000000000000000000000000000000000000000000000000000
  INITP_02:0000000000000000000000000000000000000000000000000000000000000000
  INITP_03:0000000000000000000000000000000000000000000000000000000000000000
  INITP_04:0000000000000000000000000000000000000000000000000000000000000000
  INITP_05:0000000000000000000000000000000000000000000000000000000000000000
  INITP_06:0000000000000000000000000000000000000000000000000000000000000000
  INITP_07:0000000000000000000000000000000000000000000000000000000000000000
  INITP_08:0000000000000000000000000000000000000000000000000000000000000000
  INITP_09:0000000000000000000000000000000000000000000000000000000000000000
  INITP_0A:0000000000000000000000000000000000000000000000000000000000000000
  INITP_0B:0000000000000000000000000000000000000000000000000000000000000000
  INITP_0C:0000000000000000000000000000000000000000000000000000000000000000
  INITP_0D:0000000000000000000000000000000000000000000000000000000000000000
  INITP_0E:0000000000000000000000000000000000000000000000000000000000000000
  INITP_0F:0000000000000000000000000000000000000000000000000000000000000000

  ^^^ Bitlane with BRAM Location: RAMB36_X2Y5
  INIT_00:0000000000000000000000000000000000000000000000000000000000000000
  INIT_01:0000000000000000000000000000000000000000000000000000000000000000
  INIT_02:0000000000000000000000000000000000000000000000000000000000000000
  INIT_03:0000000000000000000000000000000000000000000000000000000000000000
  INIT_04:0000000000000000000000000000000000000000000000000000000000000000
  INIT_05:0000000000000000000000000000000000000000000000000000000000000000
  INIT_06:0000000000000000000000000000000000000000000000000000000000000000
  INIT_07:0000000000000000000000000000000000000000000000000000000000000000
  INIT_08:0000000000000000000000000000000000000000000000000000000000000000
  INIT_09:0000000000000000000000000000000000000000000000000000000000000000
  INIT_0A:0000000000000000000000000000000000000000000000000000000000000000
  INIT_0B:0000000000000000000000000000000000000000000000000000000000000000
  INIT_0C:0000000000000000000000000000000000000000000000000000000000000000
  INIT_0D:0000000000000000000000000000000000000000000000000000000000000000
  INIT_0E:0000000000000000000000000000000000000000000000000000000000000000
  INIT_0F:0000000000000000000000000000000000000000000000000000000000000000
  INIT_10:0000000000000000000000000000000000000000000000000000000000000000
  INIT_11:0000000000000000000000000000000000000000000000000000000000000000
  INIT_12:0000000000000000000000000000000000000000000000000000000000000000
  INIT_13:0000000000000000000000000000000000000000000000000000000000000000
  INIT_14:0000000000000000000000000000000000000000000000000000000000000000
  INIT_15:0000000000000000000000000000000000000000000000000000000000000000
  INIT_16:0000000000000000000000000000000000000000000000000000000000000000
  INIT_17:0000000000000000000000000000000000000000000000000000000000000000
  INIT_18:0000000000000000000000000000000000000000000000000000000000000000
  INIT_19:0000000000000000000000000000000000000000000000000000000000000000
  INIT_1A:0000000000000000000000000000000000000000000000000000000000000000
  INIT_1B:0000000000000000000000000000000000000000000000000000000000000000
  INIT_1C:0000000000000000000000000000000000000000000000000000000000000000
  INIT_1D:0000000000000000000000000000000000000000000000000000000000000000
  INIT_1E:0000000000000000000000000000000000000000000000000000000000000000
  INIT_1F:0000000000000000000000000000000000000000000000000000000000000000
  INIT_20:0000000000000000000000000000000000000000000000000000000000000000
  INIT_21:0000000000000000000000000000000000000000000000000000000000000000
  INIT_22:0000000000000000000000000000000000000000000000000000000000000000
  INIT_23:0000000000000000000000000000000000000000000000000000000000000000
  INIT_24:0000000000000000000000000000000000000000000000000000000000000000
  INIT_25:0000000000000000000000000000000000000000000000000000000000000000
  INIT_26:0000000000000000000000000000000000000000000000000000000000000000
  INIT_27:0000000000000000000000000000000000000000000000000000000000000000
  INIT_28:0000000000000000000000000000000000000000000000000000000000000000
  INIT_29:0000000000000000000000000000000000000000000000000000000000000000
  INIT_2A:0000000000000000000000000000000000000000000000000000000000000000
  INIT_2B:0000000000000000000000000000000000000000000000000000000000000000
  INIT_2C:0000000000000000000000000000000000000000000000000000000000000000
  INIT_2D:0000000000000000000000000000000000000000000000000000000000000000
  INIT_2E:0000000000000000000000000000000000000000000000000000000000000000
  INIT_2F:0000000000000000000000000000000000000000000000000000000000000000
  INIT_30:0000000000000000000000000000000000000000000000000000000000000000
  INIT_31:0000000000000000000000000000000000000000000000000000000000000000
  INIT_32:0000000000000000000000000000000000000000000000000000000000000000
  INIT_33:0000000000000000000000000000000000000000000000000000000000000000
  INIT_34:0000000000000000000000000000000000000000000000000000000000000000
  INIT_35:0000000000000000000000000000000000000000000000000000000000000000
  INIT_36:0000000000000000000000000000000000000000000000000000000000000000
  INIT_37:0000000000000000000000000000000000000000000000000000000000000000
  INIT_38:0000000000000000000000000000000000000000000000000000000000000000
  INIT_39:0000000000000000000000000000000000000000000000000000000000000000
  INIT_3A:0000000000000000000000000000000000000000000000000000000000000000
  INIT_3B:0000000000000000000000000000000000000000000000000000000000000000
  INIT_3C:0000000000000000000000000000000000000000000000000000000000000000
  INIT_3D:0000000000000000000000000000000000000000000000000000000000000000
  INIT_3E:0000000000000000000000000000000000000000000000000000000000000000
  INIT_3F:0000000000000000000000000000000000000000000000000000000000000000
  INIT_40:000000000000000000000000000000000000000000004800C404804821080A11
  INIT_41:0000000000000000000000000000000000000000000000000000000000000000
  INIT_42:0000000000000000000000000000000000000000000000000000000000000000
  INIT_43:0000000000000000000000000000000000000000000000000000000000000000
  INIT_44:0000000000000000000000000000000000000000000000000000000000000000
  INIT_45:0000000000000000000000000000000000000000000000000000000000000000
  INIT_46:0000000000000000000000000000000000000000000000000000000000000000
  INIT_47:0000000000000000000000000000000000000000000000000000000000000000
  INIT_48:0000000000000000000000000000000000000000000000000000000000000000
  INIT_49:0000000000000000000000000000000000000000000000000000000000000000
  INIT_4A:0000000000000000000000000000000000000000000000000000000000000000
  INIT_4B:0000000000000000000000000000000000000000000000000000000000000000
  INIT_4C:0000000000000000000000000000000000000000000000000000000000000000
  INIT_4D:0000000000000000000000000000000000000000000000000000000000000000
  INIT_4E:0000000000000000000000000000000000000000000000000000000000000000
  INIT_4F:0000000000000000000000000000000000000000000000000000000000000000
  INIT_50:0000000000000000000000000000000000000000000000000000000000000000
  INIT_51:0000000000000000000000000000000000000000000000000000000000000000
  INIT_52:0000000000000000000000000000000000000000000000000000000000000000
  INIT_53:0000000000000000000000000000000000000000000000000000000000000000
  INIT_54:0000000000000000000000000000000000000000000000000000000000000000
  INIT_55:0000000000000000000000000000000000000000000000000000000000000000
  INIT_56:0000000000000000000000000000000000000000000000000000000000000000
  INIT_57:0000000000000000000000000000000000000000000000000000000000000000
  INIT_58:0000000000000000000000000000000000000000000000000000000000000000
  INIT_59:0000000000000000000000000000000000000000000000000000000000000000
  INIT_5A:0000000000000000000000000000000000000000000000000000000000000000
  INIT_5B:0000000000000000000000000000000000000000000000000000000000000000
  INIT_5C:0000000000000000000000000000000000000000000000000000000000000000
  INIT_5D:0000000000000000000000000000000000000000000000000000000000000000
  INIT_5E:0000000000000000000000000000000000000000000000000000000000000000
  INIT_5F:0000000000000000000000000000000000000000000000000000000000000000
  INIT_60:0000000000000000000000000000000000000000000000000000000000000000
  INIT_61:0000000000000000000000000000000000000000000000000000000000000000
  INIT_62:0000000000000000000000000000000000000000000000000000000000000000
  INIT_63:0000000000000000000000000000000000000000000000000000000000000000
  INIT_64:0000000000000000000000000000000000000000000000000000000000000000
  INIT_65:0000000000000000000000000000000000000000000000000000000000000000
  INIT_66:0000000000000000000000000000000000000000000000000000000000000000
  INIT_67:0000000000000000000000000000000000000000000000000000000000000000
  INIT_68:0000000000000000000000000000000000000000000000000000000000000000
  INIT_69:0000000000000000000000000000000000000000000000000000000000000000
  INIT_6A:0000000000000000000000000000000000000000000000000000000000000000
  INIT_6B:0000000000000000000000000000000000000000000000000000000000000000
  INIT_6C:0000000000000000000000000000000000000000000000000000000000000000
  INIT_6D:0000000000000000000000000000000000000000000000000000000000000000
  INIT_6E:0000000000000000000000000000000000000000000000000000000000000000
  INIT_6F:0000000000000000000000000000000000000000000000000000000000000000
  INIT_70:0000000000000000000000000000000000000000000000000000000000000000
  INIT_71:0000000000000000000000000000000000000000000000000000000000000000
  INIT_72:0000000000000000000000000000000000000000000000000000000000000000
  INIT_73:0000000000000000000000000000000000000000000000000000000000000000
  INIT_74:0000000000000000000000000000000000000000000000000000000000000000
  INIT_75:0000000000000000000000000000000000000000000000000000000000000000
  INIT_76:0000000000000000000000000000000000000000000000000000000000000000
  INIT_77:0000000000000000000000000000000000000000000000000000000000000000
  INIT_78:0000000000000000000000000000000000000000000000000000000000000000
  INIT_79:0000000000000000000000000000000000000000000000000000000000000000
  INIT_7A:0000000000000000000000000000000000000000000000000000000000000000
  INIT_7B:0000000000000000000000000000000000000000000000000000000000000000
  INIT_7C:0000000000000000000000000000000000000000000000000000000000000000
  INIT_7D:0000000000000000000000000000000000000000000000000000000000000000
  INIT_7E:0000000000000000000000000000000000000000000000000000000000000000
  INIT_7F:0000000000000000000000000000000000000000000000000000000000000000
  INITP_00:0000000000000000000000000000000000000000000000000000000000000000
  INITP_01:0000000000000000000000000000000000000000000000000000000000000000
  INITP_02:0000000000000000000000000000000000000000000000000000000000000000
  INITP_03:0000000000000000000000000000000000000000000000000000000000000000
  INITP_04:0000000000000000000000000000000000000000000000000000000000000000
  INITP_05:0000000000000000000000000000000000000000000000000000000000000000
  INITP_06:0000000000000000000000000000000000000000000000000000000000000000
  INITP_07:0000000000000000000000000000000000000000000000000000000000000000
  INITP_08:0000000000000000000000000000000000000000000000000000000000000000
  INITP_09:0000000000000000000000000000000000000000000000000000000000000000
  INITP_0A:0000000000000000000000000000000000000000000000000000000000000000
  INITP_0B:0000000000000000000000000000000000000000000000000000000000000000
  INITP_0C:0000000000000000000000000000000000000000000000000000000000000000
  INITP_0D:0000000000000000000000000000000000000000000000000000000000000000
  INITP_0E:0000000000000000000000000000000000000000000000000000000000000000
  INITP_0F:0000000000000000000000000000000000000000000000000000000000000000

Loading bitfile golden.bit
Loading data files...
Updating memory content...
Creating bitstream...
Writing bitstream download.bit...
0 Infos, 0 Warnings, 0 Critical Warnings and 0 Errors encountered.
update_mem completed successfully
INFO: [Common 17-206] Exiting updatemem at Tue Feb 28 15:51:46 2023...
